<?xml version="1.0" encoding="UTF-8"?>
<!-- Generated by org.testng.reporters.JUnitXMLReporter -->
<testsuite hostname="RMM-LT-618" name="PSA-Test" tests="1" failures="1" timestamp="23 Sep 2016 09:58:49 GMT" time="113.1" errors="0">
  <testcase name="feature" time="110.204" classname="continuum.cucumber.testRunner.TestRunner">
    <failure type="java.lang.NullPointerException">
      <![CDATA[java.lang.NullPointerException
	at continuum.cucumber.ListnerWebDriver.afterInvocation(ListnerWebDriver.java:71)
... Removed 22 stack frames]]>
    </failure>
  </testcase> <!-- feature -->
</testsuite> <!-- PSA-Test -->
