<?xml version="1.0" encoding="UTF-8"?>
<!-- Generated by org.testng.reporters.JUnitXMLReporter -->
<testsuite hostname="RMM-LT-618" name="PSA-Test" tests="1" failures="1" timestamp="18 Sep 2016 04:00:32 GMT" time="193.345" errors="0">
  <testcase name="feature" time="190.724" classname="continuum.cucumber.testRunner.TestRunner">
    <failure type="java.lang.NullPointerException">
      <![CDATA[java.lang.NullPointerException
	at continuum.cucumber.ListnerWebDriver.afterInvocation(ListnerWebDriver.java:68)
... Removed 22 stack frames]]>
    </failure>
  </testcase> <!-- feature -->
</testsuite> <!-- PSA-Test -->
